  Labirent Simülasyon.cpp
  Sim.cpp
C:\Users\caner\Desktop\c++\Labirent Simülasyon\Labirent Simülasyon\Sim.cpp(73,14): warning C4553: '==': result of expression not used; did you intend '='?
C:\Users\caner\Desktop\c++\Labirent Simülasyon\Labirent Simülasyon\Sim.cpp(193,60): warning C4305: 'argument': truncation from 'double' to 'float'
C:\Users\caner\Desktop\c++\Labirent Simülasyon\Labirent Simülasyon\Sim.cpp(218,50): warning C4553: '==': result of expression not used; did you intend '='?
  SimBox.cpp
LINK : warning LNK4098: defaultlib 'MSVCRTD' conflicts with use of other libs; use /NODEFAULTLIB:library
  Generating code
  Previous IPDB not found, fall back to full compilation.
C:\Users\caner\Desktop\c++\Labirent Simülasyon\Labirent Simülasyon\Sim.cpp(58): warning C4172: returning address of local variable or temporary: boxes
  All 234 functions were compiled because no usable IPDB/IOBJ from previous compilation was found.
  Finished generating code
fltkd.lib(case.obj) : warning LNK4099: PDB 'fltkd.pdb' was not found with 'fltkd.lib(case.obj)' or at 'C:\Users\caner\Desktop\c++\Labirent Simülasyon\Release\fltkd.pdb'; linking object as if no debug info
fltkd.lib(fl_utf.obj) : warning LNK4099: PDB 'fltkd.pdb' was not found with 'fltkd.lib(fl_utf.obj)' or at 'C:\Users\caner\Desktop\c++\Labirent Simülasyon\Release\fltkd.pdb'; linking object as if no debug info
fltkd.lib(flstring.obj) : warning LNK4099: PDB 'fltkd.pdb' was not found with 'fltkd.lib(flstring.obj)' or at 'C:\Users\caner\Desktop\c++\Labirent Simülasyon\Release\fltkd.pdb'; linking object as if no debug info
fltkd.lib(is_spacing.obj) : warning LNK4099: PDB 'fltkd.pdb' was not found with 'fltkd.lib(is_spacing.obj)' or at 'C:\Users\caner\Desktop\c++\Labirent Simülasyon\Release\fltkd.pdb'; linking object as if no debug info
fltkd.lib(numericsort.obj) : warning LNK4099: PDB 'fltkd.pdb' was not found with 'fltkd.lib(numericsort.obj)' or at 'C:\Users\caner\Desktop\c++\Labirent Simülasyon\Release\fltkd.pdb'; linking object as if no debug info
fltkd.lib(scandir.obj) : warning LNK4099: PDB 'fltkd.pdb' was not found with 'fltkd.lib(scandir.obj)' or at 'C:\Users\caner\Desktop\c++\Labirent Simülasyon\Release\fltkd.pdb'; linking object as if no debug info
fltkd.lib(vsnprintf.obj) : warning LNK4099: PDB 'fltkd.pdb' was not found with 'fltkd.lib(vsnprintf.obj)' or at 'C:\Users\caner\Desktop\c++\Labirent Simülasyon\Release\fltkd.pdb'; linking object as if no debug info
  Labirent Simülasyon.vcxproj -> C:\Users\caner\Desktop\c++\Labirent Simülasyon\Release\Labirent Simülasyon.exe
